[21:53:21] [Server thread/INFO]: Starting minecraft server version 1.8.9
[21:53:22] [Server thread/INFO]: Loading properties
[21:53:22] [Server thread/INFO]: Default game type: SURVIVAL
[21:53:22] [Server thread/INFO]: Generating keypair
[21:53:23] [Server thread/INFO]: Starting Minecraft server on *:25565
[21:53:23] [Server thread/INFO]: Using epoll channel type
[21:53:23] [Server thread/WARN]: **** SERVER IS RUNNING IN OFFLINE/INSECURE MODE!
[21:53:23] [Server thread/WARN]: The server will make no attempt to authenticate usernames. Beware.
[21:53:23] [Server thread/WARN]: While this makes the game possible to play without internet access, it also opens up the ability for hackers to connect with any username they choose.
[21:53:23] [Server thread/WARN]: To change this, set "online-mode" to "true" in the server.properties file.
[21:53:24] [Server thread/INFO]: Preparing level "world"
[21:53:35] [Server thread/INFO]: Preparing start region for level 0
[21:53:36] [Server thread/INFO]: Done (12.048s)! For help, type "help" or "?"
[21:53:46] [Server thread/INFO]: Fabrizziouo[/127.5.7.26:41015] logged in with entity id 174 at (-328.7111959602758, 67.0, 127.57858587204223)
[21:53:46] [Server thread/INFO]: Fabrizziouo joined the game
[21:53:54] [Server thread/INFO]: [Fabrizziouo: Set own game mode to Creative Mode]
[21:53:55] [Server thread/INFO]: Fabrizziouo has just earned the achievement [Taking Inventory]
[21:54:12] [Server thread/INFO]: [Fabrizziouo: Set own game mode to Survival Mode]
[21:54:32] [Server thread/INFO]: Fabrizziouo was slain by Slime
[21:54:41] [Server thread/INFO]: Fabrizziouo was slain by Slime
[22:00:20] [Server thread/INFO]: Wfretesa[/127.200.156.156:43111] logged in with entity id 6797 at (-331.5, 67.0, 125.5)
[22:00:20] [Server thread/INFO]: Wfretesa joined the game
[22:00:47] [Server thread/INFO]: Fabrizziouo has just earned the achievement [Getting Wood]
[22:01:35] [Server thread/INFO]: [Fabrizziouo: Set own game mode to Creative Mode]
[22:01:45] [Server thread/INFO]: [Fabrizziouo: Set own game mode to Survival Mode]
[22:02:11] [Server thread/INFO]: Wfretesa has just earned the achievement [Taking Inventory]
[22:02:46] [Server thread/INFO]: [Fabrizziouo: Set own game mode to Creative Mode]
[22:02:58] [Server thread/INFO]: [Fabrizziouo: Set own game mode to Survival Mode]
